{"C:\\Users\\User\\Desktop\\WORK\\REST API_server\\ss\\restapi\\src\\app.js": {"path":"C:\\Users\\User\\Desktop\\WORK\\REST API_server\\ss\\restapi\\src\\app.js","statementMap":{"0":{"start":{"line":1,"column":0},"end":{"line":1,"column":26}},"1":{"start":{"line":9,"column":12},"end":{"line":9,"column":21}},"2":{"start":{"line":11,"column":0},"end":{"line":11,"column":22}},"3":{"start":{"line":12,"column":0},"end":{"line":12,"column":23}},"4":{"start":{"line":13,"column":0},"end":{"line":13,"column":48}},"5":{"start":{"line":14,"column":0},"end":{"line":14,"column":23}},"6":{"start":{"line":16,"column":0},"end":{"line":16,"column":23}},"7":{"start":{"line":19,"column":0},"end":{"line":21,"column":2}},"8":{"start":{"line":20,"column":2},"end":{"line":20,"column":24}},"9":{"start":{"line":24,"column":0},"end":{"line":40,"column":2}},"10":{"start":{"line":25,"column":17},"end":{"line":25,"column":20}},"11":{"start":{"line":27,"column":2},"end":{"line":29,"column":3}},"12":{"start":{"line":28,"column":4},"end":{"line":28,"column":31}},"13":{"start":{"line":32,"column":2},"end":{"line":32,"column":39}},"14":{"start":{"line":33,"column":2},"end":{"line":33,"column":75}},"15":{"start":{"line":36,"column":2},"end":{"line":37,"column":38}},"16":{"start":{"line":43,"column":0},"end":{"line":43,"column":20}}},"fnMap":{"0":{"name":"(anonymous_0)","decl":{"start":{"line":19,"column":8},"end":{"line":19,"column":9}},"loc":{"start":{"line":19,"column":28},"end":{"line":21,"column":1}},"line":19},"1":{"name":"(anonymous_1)","decl":{"start":{"line":24,"column":8},"end":{"line":24,"column":9}},"loc":{"start":{"line":24,"column":33},"end":{"line":40,"column":1}},"line":24}},"branchMap":{"0":{"loc":{"start":{"line":27,"column":2},"end":{"line":29,"column":3}},"type":"if","locations":[{"start":{"line":27,"column":2},"end":{"line":29,"column":3}},{"start":{"line":27,"column":2},"end":{"line":29,"column":3}}],"line":27},"1":{"loc":{"start":{"line":33,"column":21},"end":{"line":33,"column":75}},"type":"cond-expr","locations":[{"start":{"line":33,"column":62},"end":{"line":33,"column":70}},{"start":{"line":33,"column":73},"end":{"line":33,"column":75}}],"line":33}},"s":{"0":2,"1":2,"2":2,"3":2,"4":2,"5":2,"6":2,"7":2,"8":0,"9":2,"10":2,"11":2,"12":0,"13":2,"14":2,"15":2,"16":2},"f":{"0":0,"1":2},"b":{"0":[0,2],"1":[0,2]},"_coverageSchema":"1a1c01bbd47fc00a2c39e90264f33305004495a9","hash":"2adab4b455fffd4a05880ef4f43d3adddc4b7e34"}
,"C:\\Users\\User\\Desktop\\WORK\\REST API_server\\ss\\restapi\\src\\configs\\sequelize.js": {"path":"C:\\Users\\User\\Desktop\\WORK\\REST API_server\\ss\\restapi\\src\\configs\\sequelize.js","statementMap":{"0":{"start":{"line":1,"column":0},"end":{"line":1,"column":26}},"1":{"start":{"line":3,"column":0},"end":{"line":5,"column":1}},"2":{"start":{"line":4,"column":2},"end":{"line":4,"column":28}},"3":{"start":{"line":7,"column":22},"end":{"line":24,"column":1}},"4":{"start":{"line":26,"column":0},"end":{"line":41,"column":1}}},"fnMap":{},"branchMap":{"0":{"loc":{"start":{"line":3,"column":0},"end":{"line":5,"column":1}},"type":"if","locations":[{"start":{"line":3,"column":0},"end":{"line":5,"column":1}},{"start":{"line":3,"column":0},"end":{"line":5,"column":1}}],"line":3}},"s":{"0":3,"1":3,"2":3,"3":3,"4":3},"f":{},"b":{"0":[3,0]},"_coverageSchema":"1a1c01bbd47fc00a2c39e90264f33305004495a9","hash":"ece744e85f9796c25dff15c1eb87ecb10f958ced"}
,"C:\\Users\\User\\Desktop\\WORK\\REST API_server\\ss\\restapi\\src\\controllers\\v1\\auth.controller.js": {"path":"C:\\Users\\User\\Desktop\\WORK\\REST API_server\\ss\\restapi\\src\\controllers\\v1\\auth.controller.js","statementMap":{"0":{"start":{"line":7,"column":14},"end":{"line":42,"column":1}},"1":{"start":{"line":8,"column":4},"end":{"line":41,"column":5}},"2":{"start":{"line":9,"column":22},"end":{"line":9,"column":36}},"3":{"start":{"line":10,"column":25},"end":{"line":10,"column":42}},"4":{"start":{"line":12,"column":21},"end":{"line":12,"column":54}},"5":{"start":{"line":14,"column":8},"end":{"line":16,"column":9}},"6":{"start":{"line":15,"column":12},"end":{"line":15,"column":60}},"7":{"start":{"line":19,"column":22},"end":{"line":19,"column":67}},"8":{"start":{"line":21,"column":8},"end":{"line":23,"column":9}},"9":{"start":{"line":22,"column":12},"end":{"line":22,"column":58}},"10":{"start":{"line":26,"column":24},"end":{"line":26,"column":51}},"11":{"start":{"line":29,"column":23},"end":{"line":29,"column":31}},"12":{"start":{"line":32,"column":20},"end":{"line":32,"column":27}},"13":{"start":{"line":34,"column":22},"end":{"line":36,"column":10}},"14":{"start":{"line":38,"column":8},"end":{"line":38,"column":40}},"15":{"start":{"line":40,"column":8},"end":{"line":40,"column":15}}},"fnMap":{"0":{"name":"(anonymous_0)","decl":{"start":{"line":7,"column":14},"end":{"line":7,"column":15}},"loc":{"start":{"line":7,"column":40},"end":{"line":42,"column":1}},"line":7}},"branchMap":{"0":{"loc":{"start":{"line":14,"column":8},"end":{"line":16,"column":9}},"type":"if","locations":[{"start":{"line":14,"column":8},"end":{"line":16,"column":9}},{"start":{"line":14,"column":8},"end":{"line":16,"column":9}}],"line":14},"1":{"loc":{"start":{"line":21,"column":8},"end":{"line":23,"column":9}},"type":"if","locations":[{"start":{"line":21,"column":8},"end":{"line":23,"column":9}},{"start":{"line":21,"column":8},"end":{"line":23,"column":9}}],"line":21}},"s":{"0":2,"1":1,"2":1,"3":1,"4":1,"5":1,"6":1,"7":0,"8":0,"9":0,"10":0,"11":0,"12":0,"13":0,"14":0,"15":0},"f":{"0":1},"b":{"0":[1,0],"1":[0,0]},"_coverageSchema":"1a1c01bbd47fc00a2c39e90264f33305004495a9","hash":"099a4dd62ee77801da4e1f61e564ecc6de187a73"}
,"C:\\Users\\User\\Desktop\\WORK\\REST API_server\\ss\\restapi\\src\\controllers\\v1\\user.controller.js": {"path":"C:\\Users\\User\\Desktop\\WORK\\REST API_server\\ss\\restapi\\src\\controllers\\v1\\user.controller.js","statementMap":{"0":{"start":{"line":5,"column":12},"end":{"line":25,"column":1}},"1":{"start":{"line":6,"column":2},"end":{"line":24,"column":3}},"2":{"start":{"line":7,"column":4},"end":{"line":21,"column":5}},"3":{"start":{"line":8,"column":19},"end":{"line":8,"column":55}},"4":{"start":{"line":10,"column":6},"end":{"line":12,"column":7}},"5":{"start":{"line":11,"column":8},"end":{"line":11,"column":68}},"6":{"start":{"line":14,"column":6},"end":{"line":16,"column":27}},"7":{"start":{"line":18,"column":20},"end":{"line":18,"column":40}},"8":{"start":{"line":20,"column":6},"end":{"line":20,"column":54}},"9":{"start":{"line":20,"column":40},"end":{"line":20,"column":52}},"10":{"start":{"line":23,"column":4},"end":{"line":23,"column":11}}},"fnMap":{"0":{"name":"(anonymous_0)","decl":{"start":{"line":5,"column":12},"end":{"line":5,"column":13}},"loc":{"start":{"line":5,"column":38},"end":{"line":25,"column":1}},"line":5},"1":{"name":"(anonymous_1)","decl":{"start":{"line":20,"column":32},"end":{"line":20,"column":33}},"loc":{"start":{"line":20,"column":40},"end":{"line":20,"column":52}},"line":20}},"branchMap":{"0":{"loc":{"start":{"line":7,"column":4},"end":{"line":21,"column":5}},"type":"if","locations":[{"start":{"line":7,"column":4},"end":{"line":21,"column":5}},{"start":{"line":7,"column":4},"end":{"line":21,"column":5}}],"line":7},"1":{"loc":{"start":{"line":10,"column":6},"end":{"line":12,"column":7}},"type":"if","locations":[{"start":{"line":10,"column":6},"end":{"line":12,"column":7}},{"start":{"line":10,"column":6},"end":{"line":12,"column":7}}],"line":10}},"s":{"0":2,"1":3,"2":3,"3":2,"4":2,"5":1,"6":1,"7":1,"8":1,"9":3,"10":1},"f":{"0":3,"1":3},"b":{"0":[2,1],"1":[1,1]},"_coverageSchema":"1a1c01bbd47fc00a2c39e90264f33305004495a9","hash":"35ecefea55e27caa74660518babfa8efe6e846d5"}
,"C:\\Users\\User\\Desktop\\WORK\\REST API_server\\ss\\restapi\\src\\models\\index.js": {"path":"C:\\Users\\User\\Desktop\\WORK\\REST API_server\\ss\\restapi\\src\\models\\index.js","statementMap":{"0":{"start":{"line":4,"column":18},"end":{"line":4,"column":38}},"1":{"start":{"line":5,"column":15},"end":{"line":5,"column":84}},"2":{"start":{"line":6,"column":17},"end":{"line":6,"column":42}},"3":{"start":{"line":8,"column":15},"end":{"line":8,"column":17}},"4":{"start":{"line":11,"column":0},"end":{"line":15,"column":1}},"5":{"start":{"line":12,"column":2},"end":{"line":12,"column":73}},"6":{"start":{"line":14,"column":2},"end":{"line":14,"column":86}},"7":{"start":{"line":17,"column":0},"end":{"line":24,"column":4}},"8":{"start":{"line":18,"column":18},"end":{"line":18,"column":102}},"9":{"start":{"line":20,"column":18},"end":{"line":20,"column":75}},"10":{"start":{"line":23,"column":4},"end":{"line":23,"column":31}},"11":{"start":{"line":26,"column":0},"end":{"line":30,"column":2}},"12":{"start":{"line":27,"column":2},"end":{"line":29,"column":3}},"13":{"start":{"line":28,"column":4},"end":{"line":28,"column":40}},"14":{"start":{"line":32,"column":0},"end":{"line":32,"column":28}},"15":{"start":{"line":33,"column":0},"end":{"line":33,"column":28}}},"fnMap":{"0":{"name":"(anonymous_0)","decl":{"start":{"line":18,"column":10},"end":{"line":18,"column":11}},"loc":{"start":{"line":18,"column":18},"end":{"line":18,"column":102}},"line":18},"1":{"name":"(anonymous_1)","decl":{"start":{"line":19,"column":11},"end":{"line":19,"column":12}},"loc":{"start":{"line":19,"column":19},"end":{"line":24,"column":3}},"line":19},"2":{"name":"(anonymous_2)","decl":{"start":{"line":26,"column":28},"end":{"line":26,"column":29}},"loc":{"start":{"line":26,"column":41},"end":{"line":30,"column":1}},"line":26}},"branchMap":{"0":{"loc":{"start":{"line":11,"column":0},"end":{"line":15,"column":1}},"type":"if","locations":[{"start":{"line":11,"column":0},"end":{"line":15,"column":1}},{"start":{"line":11,"column":0},"end":{"line":15,"column":1}}],"line":11},"1":{"loc":{"start":{"line":18,"column":18},"end":{"line":18,"column":102}},"type":"binary-expr","locations":[{"start":{"line":18,"column":19},"end":{"line":18,"column":42}},{"start":{"line":18,"column":48},"end":{"line":18,"column":65}},{"start":{"line":18,"column":71},"end":{"line":18,"column":101}}],"line":18},"2":{"loc":{"start":{"line":27,"column":2},"end":{"line":29,"column":3}},"type":"if","locations":[{"start":{"line":27,"column":2},"end":{"line":29,"column":3}},{"start":{"line":27,"column":2},"end":{"line":29,"column":3}}],"line":27}},"s":{"0":3,"1":3,"2":3,"3":3,"4":3,"5":0,"6":3,"7":3,"8":6,"9":3,"10":3,"11":3,"12":3,"13":3,"14":3,"15":3},"f":{"0":6,"1":3,"2":3},"b":{"0":[0,3],"1":[6,6,3],"2":[3,0]},"_coverageSchema":"1a1c01bbd47fc00a2c39e90264f33305004495a9","hash":"dd7fefbb97c7974b2f282766aad65f0a0a3103ed"}
,"C:\\Users\\User\\Desktop\\WORK\\REST API_server\\ss\\restapi\\src\\models\\user.model.js": {"path":"C:\\Users\\User\\Desktop\\WORK\\REST API_server\\ss\\restapi\\src\\models\\user.model.js","statementMap":{"0":{"start":{"line":8,"column":0},"end":{"line":59,"column":1}},"1":{"start":{"line":9,"column":15},"end":{"line":34,"column":4}},"2":{"start":{"line":14,"column":26},"end":{"line":14,"column":52}},"3":{"start":{"line":16,"column":8},"end":{"line":16,"column":69}},"4":{"start":{"line":36,"column":2},"end":{"line":38,"column":3}},"5":{"start":{"line":41,"column":2},"end":{"line":46,"column":5}},"6":{"start":{"line":42,"column":4},"end":{"line":45,"column":5}},"7":{"start":{"line":43,"column":19},"end":{"line":43,"column":43}},"8":{"start":{"line":44,"column":6},"end":{"line":44,"column":61}},"9":{"start":{"line":49,"column":2},"end":{"line":56,"column":3}},"10":{"start":{"line":50,"column":19},"end":{"line":50,"column":48}},"11":{"start":{"line":52,"column":4},"end":{"line":52,"column":20}},"12":{"start":{"line":53,"column":4},"end":{"line":53,"column":26}},"13":{"start":{"line":55,"column":4},"end":{"line":55,"column":17}},"14":{"start":{"line":58,"column":2},"end":{"line":58,"column":13}}},"fnMap":{"0":{"name":"(anonymous_0)","decl":{"start":{"line":8,"column":17},"end":{"line":8,"column":18}},"loc":{"start":{"line":8,"column":43},"end":{"line":59,"column":1}},"line":8},"1":{"name":"(anonymous_1)","decl":{"start":{"line":14,"column":20},"end":{"line":14,"column":21}},"loc":{"start":{"line":14,"column":26},"end":{"line":14,"column":52}},"line":14},"2":{"name":"(anonymous_2)","decl":{"start":{"line":15,"column":11},"end":{"line":15,"column":12}},"loc":{"start":{"line":15,"column":23},"end":{"line":17,"column":7}},"line":15},"3":{"name":"(anonymous_3)","decl":{"start":{"line":36,"column":19},"end":{"line":36,"column":20}},"loc":{"start":{"line":36,"column":37},"end":{"line":38,"column":3}},"line":36},"4":{"name":"(anonymous_4)","decl":{"start":{"line":41,"column":18},"end":{"line":41,"column":19}},"loc":{"start":{"line":41,"column":43},"end":{"line":46,"column":3}},"line":41},"5":{"name":"(anonymous_5)","decl":{"start":{"line":49,"column":25},"end":{"line":49,"column":26}},"loc":{"start":{"line":49,"column":37},"end":{"line":56,"column":3}},"line":49}},"branchMap":{"0":{"loc":{"start":{"line":42,"column":4},"end":{"line":45,"column":5}},"type":"if","locations":[{"start":{"line":42,"column":4},"end":{"line":45,"column":5}},{"start":{"line":42,"column":4},"end":{"line":45,"column":5}}],"line":42}},"s":{"0":3,"1":3,"2":3,"3":6,"4":3,"5":3,"6":3,"7":3,"8":3,"9":3,"10":4,"11":4,"12":4,"13":4,"14":3},"f":{"0":3,"1":3,"2":6,"3":3,"4":3,"5":4},"b":{"0":[3,0]},"_coverageSchema":"1a1c01bbd47fc00a2c39e90264f33305004495a9","hash":"d6e09b19add720b745572ae0939ee18492b72de9"}
,"C:\\Users\\User\\Desktop\\WORK\\REST API_server\\ss\\restapi\\src\\repositories\\user.repository.js": {"path":"C:\\Users\\User\\Desktop\\WORK\\REST API_server\\ss\\restapi\\src\\repositories\\user.repository.js","statementMap":{"0":{"start":{"line":5,"column":25},"end":{"line":5,"column":55}},"1":{"start":{"line":8,"column":19},"end":{"line":8,"column":46}},"2":{"start":{"line":11,"column":4},"end":{"line":15,"column":6}},"3":{"start":{"line":18,"column":26},"end":{"line":18,"column":56}},"4":{"start":{"line":20,"column":32},"end":{"line":24,"column":4}}},"fnMap":{"0":{"name":"(anonymous_0)","decl":{"start":{"line":5,"column":9},"end":{"line":5,"column":10}},"loc":{"start":{"line":5,"column":25},"end":{"line":5,"column":55}},"line":5},"1":{"name":"(anonymous_1)","decl":{"start":{"line":8,"column":7},"end":{"line":8,"column":8}},"loc":{"start":{"line":8,"column":19},"end":{"line":8,"column":46}},"line":8},"2":{"name":"(anonymous_2)","decl":{"start":{"line":10,"column":8},"end":{"line":10,"column":9}},"loc":{"start":{"line":10,"column":24},"end":{"line":16,"column":3}},"line":10},"3":{"name":"(anonymous_3)","decl":{"start":{"line":18,"column":12},"end":{"line":18,"column":13}},"loc":{"start":{"line":18,"column":26},"end":{"line":18,"column":56}},"line":18},"4":{"name":"(anonymous_4)","decl":{"start":{"line":20,"column":15},"end":{"line":20,"column":16}},"loc":{"start":{"line":20,"column":32},"end":{"line":24,"column":4}},"line":20}},"branchMap":{},"s":{"0":0,"1":1,"2":2,"3":0,"4":1},"f":{"0":0,"1":1,"2":2,"3":0,"4":1},"b":{},"_coverageSchema":"1a1c01bbd47fc00a2c39e90264f33305004495a9","hash":"c8d28644be249accc3694eec183cc61eff24b471"}
,"C:\\Users\\User\\Desktop\\WORK\\REST API_server\\ss\\restapi\\src\\routes\\v1\\auth.route.js": {"path":"C:\\Users\\User\\Desktop\\WORK\\REST API_server\\ss\\restapi\\src\\routes\\v1\\auth.route.js","statementMap":{"0":{"start":{"line":6,"column":15},"end":{"line":6,"column":31}},"1":{"start":{"line":8,"column":0},"end":{"line":11,"column":5}}},"fnMap":{},"branchMap":{},"s":{"0":2,"1":2},"f":{},"b":{},"_coverageSchema":"1a1c01bbd47fc00a2c39e90264f33305004495a9","hash":"01d5df61ce0d7f86fa78225ca37ad910f34bd227"}
,"C:\\Users\\User\\Desktop\\WORK\\REST API_server\\ss\\restapi\\src\\routes\\v1\\index.js": {"path":"C:\\Users\\User\\Desktop\\WORK\\REST API_server\\ss\\restapi\\src\\routes\\v1\\index.js","statementMap":{"0":{"start":{"line":5,"column":15},"end":{"line":5,"column":31}},"1":{"start":{"line":6,"column":16},"end":{"line":6,"column":41}},"2":{"start":{"line":8,"column":0},"end":{"line":10,"column":101}},"3":{"start":{"line":9,"column":18},"end":{"line":9,"column":101}},"4":{"start":{"line":10,"column":24},"end":{"line":10,"column":100}}},"fnMap":{"0":{"name":"(anonymous_0)","decl":{"start":{"line":9,"column":10},"end":{"line":9,"column":11}},"loc":{"start":{"line":9,"column":18},"end":{"line":9,"column":101}},"line":9},"1":{"name":"(anonymous_1)","decl":{"start":{"line":10,"column":11},"end":{"line":10,"column":12}},"loc":{"start":{"line":10,"column":24},"end":{"line":10,"column":100}},"line":10}},"branchMap":{"0":{"loc":{"start":{"line":9,"column":18},"end":{"line":9,"column":101}},"type":"binary-expr","locations":[{"start":{"line":9,"column":19},"end":{"line":9,"column":42}},{"start":{"line":9,"column":48},"end":{"line":9,"column":64}},{"start":{"line":9,"column":70},"end":{"line":9,"column":100}}],"line":9}},"s":{"0":2,"1":2,"2":2,"3":6,"4":4},"f":{"0":6,"1":4},"b":{"0":[6,6,4]},"_coverageSchema":"1a1c01bbd47fc00a2c39e90264f33305004495a9","hash":"1e29ab8ad4df3483e7b3658509a2774f246949d9"}
,"C:\\Users\\User\\Desktop\\WORK\\REST API_server\\ss\\restapi\\src\\routes\\v1\\users.route.js": {"path":"C:\\Users\\User\\Desktop\\WORK\\REST API_server\\ss\\restapi\\src\\routes\\v1\\users.route.js","statementMap":{"0":{"start":{"line":6,"column":15},"end":{"line":6,"column":31}},"1":{"start":{"line":8,"column":0},"end":{"line":11,"column":3}}},"fnMap":{},"branchMap":{},"s":{"0":2,"1":2},"f":{},"b":{},"_coverageSchema":"1a1c01bbd47fc00a2c39e90264f33305004495a9","hash":"81e79957c73ec0a9d3b6f30dd26eb825a69ca58c"}
,"C:\\Users\\User\\Desktop\\WORK\\REST API_server\\ss\\restapi\\src\\utils\\uuid.js": {"path":"C:\\Users\\User\\Desktop\\WORK\\REST API_server\\ss\\restapi\\src\\utils\\uuid.js","statementMap":{"0":{"start":{"line":3,"column":13},"end":{"line":6,"column":1}},"1":{"start":{"line":4,"column":17},"end":{"line":4,"column":35}},"2":{"start":{"line":5,"column":2},"end":{"line":5,"column":66}}},"fnMap":{"0":{"name":"(anonymous_0)","decl":{"start":{"line":3,"column":13},"end":{"line":3,"column":14}},"loc":{"start":{"line":3,"column":19},"end":{"line":6,"column":1}},"line":3}},"branchMap":{},"s":{"0":3,"1":5,"2":5},"f":{"0":5},"b":{},"_coverageSchema":"1a1c01bbd47fc00a2c39e90264f33305004495a9","hash":"01efe16448bf8a1d77e46ddd853b53e1acbbceaf"}
}
