TN:
SF:app.js
FN:19,(anonymous_0)
FN:24,(anonymous_1)
FNF:2
FNH:1
FNDA:0,(anonymous_0)
FNDA:2,(anonymous_1)
DA:1,2
DA:9,2
DA:11,2
DA:12,2
DA:13,2
DA:14,2
DA:16,2
DA:19,2
DA:20,0
DA:24,2
DA:25,2
DA:27,2
DA:28,0
DA:32,2
DA:33,2
DA:36,2
DA:43,2
LF:17
LH:15
BRDA:27,0,0,0
BRDA:27,0,1,2
BRDA:33,1,0,0
BRDA:33,1,1,2
BRF:4
BRH:2
end_of_record
TN:
SF:configs\sequelize.js
FNF:0
FNH:0
DA:1,3
DA:3,3
DA:4,3
DA:7,3
DA:26,3
LF:5
LH:5
BRDA:3,0,0,3
BRDA:3,0,1,0
BRF:2
BRH:1
end_of_record
TN:
SF:controllers\v1\auth.controller.js
FN:7,(anonymous_0)
FNF:1
FNH:1
FNDA:1,(anonymous_0)
DA:7,2
DA:8,1
DA:9,1
DA:10,1
DA:12,1
DA:14,1
DA:15,1
DA:19,0
DA:21,0
DA:22,0
DA:26,0
DA:29,0
DA:32,0
DA:34,0
DA:38,0
DA:40,0
LF:16
LH:7
BRDA:14,0,0,1
BRDA:14,0,1,0
BRDA:21,1,0,0
BRDA:21,1,1,0
BRF:4
BRH:1
end_of_record
TN:
SF:controllers\v1\user.controller.js
FN:5,(anonymous_0)
FN:20,(anonymous_1)
FNF:2
FNH:2
FNDA:3,(anonymous_0)
FNDA:3,(anonymous_1)
DA:5,2
DA:6,3
DA:7,3
DA:8,2
DA:10,2
DA:11,1
DA:14,1
DA:18,1
DA:20,3
DA:23,1
LF:10
LH:10
BRDA:7,0,0,2
BRDA:7,0,1,1
BRDA:10,1,0,1
BRDA:10,1,1,1
BRF:4
BRH:4
end_of_record
TN:
SF:models\index.js
FN:18,(anonymous_0)
FN:19,(anonymous_1)
FN:26,(anonymous_2)
FNF:3
FNH:3
FNDA:6,(anonymous_0)
FNDA:3,(anonymous_1)
FNDA:3,(anonymous_2)
DA:4,3
DA:5,3
DA:6,3
DA:8,3
DA:11,3
DA:12,0
DA:14,3
DA:17,3
DA:18,6
DA:20,3
DA:23,3
DA:26,3
DA:27,3
DA:28,3
DA:32,3
DA:33,3
LF:16
LH:15
BRDA:11,0,0,0
BRDA:11,0,1,3
BRDA:18,1,0,6
BRDA:18,1,1,6
BRDA:18,1,2,3
BRDA:27,2,0,3
BRDA:27,2,1,0
BRF:7
BRH:5
end_of_record
TN:
SF:models\user.model.js
FN:8,(anonymous_0)
FN:14,(anonymous_1)
FN:15,(anonymous_2)
FN:36,(anonymous_3)
FN:41,(anonymous_4)
FN:49,(anonymous_5)
FNF:6
FNH:6
FNDA:3,(anonymous_0)
FNDA:3,(anonymous_1)
FNDA:6,(anonymous_2)
FNDA:3,(anonymous_3)
FNDA:3,(anonymous_4)
FNDA:4,(anonymous_5)
DA:8,3
DA:9,3
DA:14,3
DA:16,6
DA:36,3
DA:41,3
DA:42,3
DA:43,3
DA:44,3
DA:49,3
DA:50,4
DA:52,4
DA:53,4
DA:55,4
DA:58,3
LF:15
LH:15
BRDA:42,0,0,3
BRDA:42,0,1,0
BRF:2
BRH:1
end_of_record
TN:
SF:repositories\user.repository.js
FN:5,(anonymous_0)
FN:8,(anonymous_1)
FN:10,(anonymous_2)
FN:18,(anonymous_3)
FN:20,(anonymous_4)
FNF:5
FNH:3
FNDA:0,(anonymous_0)
FNDA:1,(anonymous_1)
FNDA:2,(anonymous_2)
FNDA:0,(anonymous_3)
FNDA:1,(anonymous_4)
DA:5,0
DA:8,1
DA:11,2
DA:18,0
DA:20,1
LF:5
LH:3
BRF:0
BRH:0
end_of_record
TN:
SF:routes\v1\auth.route.js
FNF:0
FNH:0
DA:6,2
DA:8,2
LF:2
LH:2
BRF:0
BRH:0
end_of_record
TN:
SF:routes\v1\index.js
FN:9,(anonymous_0)
FN:10,(anonymous_1)
FNF:2
FNH:2
FNDA:6,(anonymous_0)
FNDA:4,(anonymous_1)
DA:5,2
DA:6,2
DA:8,2
DA:9,6
DA:10,4
LF:5
LH:5
BRDA:9,0,0,6
BRDA:9,0,1,6
BRDA:9,0,2,4
BRF:3
BRH:3
end_of_record
TN:
SF:routes\v1\users.route.js
FNF:0
FNH:0
DA:6,2
DA:8,2
LF:2
LH:2
BRF:0
BRH:0
end_of_record
TN:
SF:utils\uuid.js
FN:3,(anonymous_0)
FNF:1
FNH:1
FNDA:5,(anonymous_0)
DA:3,3
DA:4,5
DA:5,5
LF:3
LH:3
BRF:0
BRH:0
end_of_record
